[debug] [2018-03-16T00:57:10.572Z] ----------------------------------------------------------------------
[debug] [2018-03-16T00:57:10.574Z] Command:       /usr/local/bin/node /usr/local/bin/firebase serve
[debug] [2018-03-16T00:57:10.574Z] CLI Version:   3.17.5
[debug] [2018-03-16T00:57:10.574Z] Platform:      darwin
[debug] [2018-03-16T00:57:10.574Z] Node Version:  v8.9.4
[debug] [2018-03-16T00:57:10.574Z] Time:          Thu Mar 15 2018 19:57:10 GMT-0500 (CDT)
[debug] [2018-03-16T00:57:10.574Z] ----------------------------------------------------------------------
[debug] 
[debug] [2018-03-16T00:57:10.585Z] > command requires scopes: ["email","openid","https://www.googleapis.com/auth/cloudplatformprojects.readonly","https://www.googleapis.com/auth/firebase","https://www.googleapis.com/auth/cloud-platform"]
[debug] [2018-03-16T00:57:10.585Z] > authorizing via signed-in user
[debug] [2018-03-16T00:57:10.586Z] > refreshing access token with scopes: ["email","https://www.googleapis.com/auth/cloud-platform","https://www.googleapis.com/auth/cloudplatformprojects.readonly","https://www.googleapis.com/auth/firebase","openid"]
[debug] [2018-03-16T00:57:10.586Z] >>> HTTP REQUEST POST https://www.googleapis.com/oauth2/v3/token  
 { refresh_token: '1/gSVqymlB1ORki_Mp9lrLAP_lWnyTiFk9BxokWH8v1eg',
  client_id: '563584335869-fgrhgmd47bqnekij5i8b5pr03ho849e6.apps.googleusercontent.com',
  client_secret: 'j9iVZfS8kkCEFUPaAeJV0sAi',
  grant_type: 'refresh_token',
  scope: 'email https://www.googleapis.com/auth/cloud-platform https://www.googleapis.com/auth/cloudplatformprojects.readonly https://www.googleapis.com/auth/firebase openid' } 
 Thu Mar 15 2018 19:57:10 GMT-0500 (CDT)
[debug] [2018-03-16T00:57:10.736Z] <<< HTTP RESPONSE 200
[debug] [2018-03-16T00:57:10.753Z] >>> HTTP REQUEST GET https://admin.firebase.com/v1/projects/octobounty  
  
 Thu Mar 15 2018 19:57:10 GMT-0500 (CDT)
[debug] [2018-03-16T00:57:11.088Z] <<< HTTP RESPONSE 200
[debug] [2018-03-16T00:57:11.089Z] >>> HTTP REQUEST GET https://admin.firebase.com/v1/database/octobounty/tokens  
  
 Thu Mar 15 2018 19:57:11 GMT-0500 (CDT)
[debug] [2018-03-16T00:57:11.433Z] <<< HTTP RESPONSE 200
[debug] [2018-03-16T00:57:11.435Z] >>> HTTP REQUEST GET https://cloudresourcemanager.googleapis.com/v1/projects/octobounty  
  
 Thu Mar 15 2018 19:57:11 GMT-0500 (CDT)
[debug] [2018-03-16T00:57:11.642Z] <<< HTTP RESPONSE 200
[info] 
[info] === Serving from '/Users/zapalack/Desktop/OctoBounty'...
[info] 
[debug] [2018-03-16T00:57:11.644Z] >>> HTTP REQUEST GET https://mobilesdk-pa.googleapis.com/v1/projects/231628641388/clients/_:getWebAppConfig  
  
 Thu Mar 15 2018 19:57:11 GMT-0500 (CDT)
[debug] [2018-03-16T00:57:12.027Z] <<< HTTP RESPONSE 200
[info] i  hosting: Serving hosting files from: public
[info] ✔  hosting: Local server: http://localhost:5000

